<?xml version="1.0" encoding="UTF-8"?>
<testsuite name="com.ig.iaraGames.IaraGamesApplicationTests" tests="1" skipped="0" failures="0" errors="0" timestamp="2024-09-10T19:31:05" hostname="R15LUCAS" time="0.564">
  <properties/>
  <testcase name="contextLoads()" classname="com.ig.iaraGames.IaraGamesApplicationTests" time="0.564"/>
  <system-out><![CDATA[16:31:01.717 [Test worker] INFO org.springframework.test.context.support.AnnotationConfigContextLoaderUtils -- Could not detect default configuration classes for test class [com.ig.iaraGames.IaraGamesApplicationTests]: IaraGamesApplicationTests does not declare any static, non-private, non-final, nested classes annotated with @Configuration.
16:31:01.843 [Test worker] INFO org.springframework.boot.test.context.SpringBootTestContextBootstrapper -- Found @SpringBootConfiguration com.ig.iaraGames.IaraGamesApplication for test class com.ig.iaraGames.IaraGamesApplicationTests

  .   ____          _            __ _ _
 /\\ / ___'_ __ _ _(_)_ __  __ _ \ \ \ \
( ( )\___ | '_ | '_| | '_ \/ _` | \ \ \ \
 \\/  ___)| |_)| | | | | || (_| |  ) ) ) )
  '  |____| .__|_| |_|_| |_\__, | / / / /
 =========|_|==============|___/=/_/_/_/

 :: Spring Boot ::                (v3.3.3)

2024-09-10T16:31:02.251-03:00  INFO 19812 --- [iaraGames] [    Test worker] c.i.iaraGames.IaraGamesApplicationTests  : Starting IaraGamesApplicationTests using Java 21.0.4 with PID 19812 (started by lukag in C:\Users\lukag\Faculdade\iaraGames\iaraGames)
2024-09-10T16:31:02.252-03:00  INFO 19812 --- [iaraGames] [    Test worker] c.i.iaraGames.IaraGamesApplicationTests  : No active profile set, falling back to 1 default profile: "default"
2024-09-10T16:31:02.686-03:00  INFO 19812 --- [iaraGames] [    Test worker] .s.d.r.c.RepositoryConfigurationDelegate : Bootstrapping Spring Data JPA repositories in DEFAULT mode.
2024-09-10T16:31:02.725-03:00  INFO 19812 --- [iaraGames] [    Test worker] .s.d.r.c.RepositoryConfigurationDelegate : Finished Spring Data repository scanning in 32 ms. Found 2 JPA repository interfaces.
2024-09-10T16:31:03.292-03:00  INFO 19812 --- [iaraGames] [    Test worker] o.hibernate.jpa.internal.util.LogHelper  : HHH000204: Processing PersistenceUnitInfo [name: default]
2024-09-10T16:31:03.350-03:00  INFO 19812 --- [iaraGames] [    Test worker] org.hibernate.Version                    : HHH000412: Hibernate ORM core version 6.5.2.Final
2024-09-10T16:31:03.379-03:00  INFO 19812 --- [iaraGames] [    Test worker] o.h.c.internal.RegionFactoryInitiator    : HHH000026: Second-level cache disabled
2024-09-10T16:31:03.683-03:00  INFO 19812 --- [iaraGames] [    Test worker] o.s.o.j.p.SpringPersistenceUnitInfo      : No LoadTimeWeaver setup: ignoring JPA class transformer
2024-09-10T16:31:03.710-03:00  INFO 19812 --- [iaraGames] [    Test worker] com.zaxxer.hikari.HikariDataSource       : HikariPool-1 - Starting...
2024-09-10T16:31:03.876-03:00  INFO 19812 --- [iaraGames] [    Test worker] com.zaxxer.hikari.pool.HikariPool        : HikariPool-1 - Added connection conn0: url=jdbc:h2:mem:testdb user=SA
2024-09-10T16:31:03.878-03:00  INFO 19812 --- [iaraGames] [    Test worker] com.zaxxer.hikari.HikariDataSource       : HikariPool-1 - Start completed.
2024-09-10T16:31:03.898-03:00  WARN 19812 --- [iaraGames] [    Test worker] org.hibernate.orm.deprecation            : HHH90000025: H2Dialect does not need to be specified explicitly using 'hibernate.dialect' (remove the property setting and it will be selected by default)
2024-09-10T16:31:04.605-03:00  INFO 19812 --- [iaraGames] [    Test worker] o.h.e.t.j.p.i.JtaPlatformInitiator       : HHH000489: No JTA platform available (set 'hibernate.transaction.jta.platform' to enable JTA platform integration)
2024-09-10T16:31:04.657-03:00  INFO 19812 --- [iaraGames] [    Test worker] j.LocalContainerEntityManagerFactoryBean : Initialized JPA EntityManagerFactory for persistence unit 'default'
2024-09-10T16:31:05.079-03:00  WARN 19812 --- [iaraGames] [    Test worker] JpaBaseConfiguration$JpaWebConfiguration : spring.jpa.open-in-view is enabled by default. Therefore, database queries may be performed during view rendering. Explicitly configure spring.jpa.open-in-view to disable this warning
2024-09-10T16:31:05.127-03:00  INFO 19812 --- [iaraGames] [    Test worker] r$InitializeUserDetailsManagerConfigurer : Global AuthenticationManager configured with UserDetailsService bean with name userDetailsServiceImpl
2024-09-10T16:31:05.894-03:00  INFO 19812 --- [iaraGames] [    Test worker] o.s.b.a.h2.H2ConsoleAutoConfiguration    : H2 console available at '/h2-console'. Database available at 'jdbc:h2:mem:testdb'
2024-09-10T16:31:05.975-03:00  INFO 19812 --- [iaraGames] [    Test worker] c.i.iaraGames.IaraGamesApplicationTests  : Started IaraGamesApplicationTests in 3.941 seconds (process running for 5.933)
]]></system-out>
  <system-err><![CDATA[WARNING: A Java agent has been loaded dynamically (C:\Users\lukag\.gradle\caches\modules-2\files-2.1\net.bytebuddy\byte-buddy-agent\1.14.19\154da3a65b4f4a909d3e5bdec55d1b2b4cbb6ce1\byte-buddy-agent-1.14.19.jar)
WARNING: If a serviceability tool is in use, please run with -XX:+EnableDynamicAgentLoading to hide this warning
WARNING: If a serviceability tool is not in use, please run with -Djdk.instrument.traceUsage for more information
WARNING: Dynamic loading of agents will be disallowed by default in a future release
]]></system-err>
</testsuite>
